INFO:myapp1.views:Посещена главная страница
INFO:django.server:"GET / HTTP/1.1" 200 358
WARNING:django.request:Not Found: /favicon.ico
WARNING:django.server:"GET /favicon.ico HTTP/1.1" 404 2655
INFO:django.server:"GET /admin HTTP/1.1" 301 0
INFO:django.server:"GET /admin/ HTTP/1.1" 302 0
INFO:django.server:"GET /admin/login/?next=/admin/ HTTP/1.1" 200 4158
INFO:django.server:"GET /static/admin/css/dark_mode.css HTTP/1.1" 200 2682
INFO:django.server:"GET /static/admin/css/login.css HTTP/1.1" 200 958
INFO:django.server:"GET /static/admin/js/nav_sidebar.js HTTP/1.1" 200 3063
INFO:django.server:"GET /static/admin/css/base.css HTTP/1.1" 200 21544
INFO:django.server:"GET /static/admin/js/theme.js HTTP/1.1" 200 1943
INFO:django.server:"GET /static/admin/css/nav_sidebar.css HTTP/1.1" 200 2810
INFO:django.server:"GET /static/admin/css/responsive.css HTTP/1.1" 200 17905
INFO:django.utils.autoreload:C:\Users\User\PycharmProjects\Django_GB_new\myproject\myproject\settings.py changed, reloading.
INFO:django.server:"GET /admin/login/?next=/admin/ HTTP/1.1" 200 4359
INFO:django.utils.autoreload:C:\Users\User\PycharmProjects\Django_GB_new\myproject\myapp5\models.py changed, reloading.
INFO:django.utils.autoreload:C:\Users\User\PycharmProjects\Django_GB_new\myproject\myapp5\admin.py changed, reloading.
INFO:django.utils.autoreload:C:\Users\User\PycharmProjects\Django_GB_new\myproject\myproject\settings.py changed, reloading.
INFO:django.utils.autoreload:C:\Users\User\PycharmProjects\Django_GB_new\myproject\myproject\settings.py changed, reloading.
INFO:django.utils.autoreload:C:\Users\User\PycharmProjects\Django_GB_new\myproject\myproject\settings.py changed, reloading.
INFO:myapp1.views:Посещена главная страница
INFO:django.server:"GET / HTTP/1.1" 200 10129
INFO:django.server:"GET /static/debug_toolbar/css/toolbar.css HTTP/1.1" 200 12621
INFO:django.server:"GET /static/debug_toolbar/js/toolbar.js HTTP/1.1" 200 13578
INFO:django.server:"GET /static/debug_toolbar/css/print.css HTTP/1.1" 200 43
INFO:django.server:"GET /static/debug_toolbar/js/utils.js HTTP/1.1" 200 4527
INFO:django.utils.autoreload:C:\Users\User\PycharmProjects\Django_GB_new\myproject\myproject\settings.py changed, reloading.
