INFO 2024-02-17 13:54:26,710 autoreload 6480 2220 Watching for file changes with StatReloader
INFO 2024-03-08 00:04:52,220 autoreload 17280 1256 Watching for file changes with StatReloader
INFO 2024-03-08 00:05:00,581 basehttp 17280 10572 "GET / HTTP/1.1" 200 358
WARNING 2024-03-08 00:05:00,665 log 17280 10572 Not Found: /favicon.ico
WARNING 2024-03-08 00:05:00,665 basehttp 17280 10572 "GET /favicon.ico HTTP/1.1" 404 2655
INFO 2024-03-08 00:05:15,039 basehttp 17280 10572 "GET /admin HTTP/1.1" 301 0
INFO 2024-03-08 00:05:15,054 basehttp 17280 6404 "GET /admin/ HTTP/1.1" 302 0
INFO 2024-03-08 00:05:15,095 basehttp 17280 6404 "GET /admin/login/?next=/admin/ HTTP/1.1" 200 4158
INFO 2024-03-08 00:05:15,342 basehttp 17280 12376 "GET /static/admin/css/dark_mode.css HTTP/1.1" 200 2682
INFO 2024-03-08 00:05:15,344 basehttp 17280 12372 "GET /static/admin/css/login.css HTTP/1.1" 200 958
INFO 2024-03-08 00:05:15,347 basehttp 17280 12376 "GET /static/admin/js/nav_sidebar.js HTTP/1.1" 200 3063
INFO 2024-03-08 00:05:15,354 basehttp 17280 6404 "GET /static/admin/css/base.css HTTP/1.1" 200 21544
INFO 2024-03-08 00:05:15,360 basehttp 17280 8308 "GET /static/admin/js/theme.js HTTP/1.1" 200 1943
INFO 2024-03-08 00:05:15,362 basehttp 17280 17156 "GET /static/admin/css/nav_sidebar.css HTTP/1.1" 200 2810
INFO 2024-03-08 00:05:15,365 basehttp 17280 15428 "GET /static/admin/css/responsive.css HTTP/1.1" 200 17905
INFO 2024-03-08 00:06:00,233 autoreload 17280 1256 C:\Users\User\PycharmProjects\Django_GB_new\myproject\myproject\settings.py changed, reloading.
INFO 2024-03-08 00:06:00,953 autoreload 10696 5672 Watching for file changes with StatReloader
INFO 2024-03-08 00:06:09,653 autoreload 5216 17000 Watching for file changes with StatReloader
INFO 2024-03-08 00:06:13,280 basehttp 5216 15268 "GET /admin/login/?next=/admin/ HTTP/1.1" 200 4359
INFO 2024-03-08 00:09:37,685 autoreload 5216 17000 C:\Users\User\PycharmProjects\Django_GB_new\myproject\myapp5\models.py changed, reloading.
INFO 2024-03-08 00:09:38,394 autoreload 11852 4912 Watching for file changes with StatReloader
INFO 2024-03-08 00:10:32,187 autoreload 11852 4912 C:\Users\User\PycharmProjects\Django_GB_new\myproject\myapp5\admin.py changed, reloading.
INFO 2024-03-08 00:10:32,887 autoreload 14548 12320 Watching for file changes with StatReloader
INFO 2024-03-08 00:34:42,595 autoreload 12448 5276 Watching for file changes with StatReloader
INFO 2024-03-08 00:36:58,282 autoreload 12448 5276 C:\Users\User\PycharmProjects\Django_GB_new\myproject\myproject\settings.py changed, reloading.
INFO 2024-03-08 00:36:58,877 autoreload 8120 12688 Watching for file changes with StatReloader
INFO 2024-03-08 00:37:04,329 autoreload 7280 12424 Watching for file changes with StatReloader
INFO 2024-03-08 00:37:28,723 autoreload 7280 12424 C:\Users\User\PycharmProjects\Django_GB_new\myproject\myproject\settings.py changed, reloading.
INFO 2024-03-08 00:37:29,445 autoreload 1104 3044 Watching for file changes with StatReloader
INFO 2024-03-08 00:38:58,076 autoreload 10400 3064 Watching for file changes with StatReloader
INFO 2024-03-08 00:39:42,254 autoreload 10400 3064 C:\Users\User\PycharmProjects\Django_GB_new\myproject\myproject\settings.py changed, reloading.
INFO 2024-03-08 00:39:42,926 autoreload 8332 3200 Watching for file changes with StatReloader
INFO 2024-03-08 00:40:02,970 basehttp 8332 17788 "GET / HTTP/1.1" 200 10129
INFO 2024-03-08 00:40:02,997 basehttp 8332 17788 "GET /static/debug_toolbar/css/toolbar.css HTTP/1.1" 200 12621
INFO 2024-03-08 00:40:02,999 basehttp 8332 4884 "GET /static/debug_toolbar/js/toolbar.js HTTP/1.1" 200 13578
INFO 2024-03-08 00:40:03,015 basehttp 8332 4884 "GET /static/debug_toolbar/css/print.css HTTP/1.1" 200 43
INFO 2024-03-08 00:40:03,042 basehttp 8332 4884 "GET /static/debug_toolbar/js/utils.js HTTP/1.1" 200 4527
INFO 2024-03-08 00:43:38,022 autoreload 8332 3200 C:\Users\User\PycharmProjects\Django_GB_new\myproject\myproject\settings.py changed, reloading.
INFO 2024-03-08 00:43:38,726 autoreload 8420 14428 Watching for file changes with StatReloader
